This is pdfTeX, Version 3.141592653-2.6-1.40.23 (TeX Live 2022/dev) (preloaded format=pdflatex 2021.12.9)  17 DEC 2021 18:19
entering extended mode
 restricted \write18 enabled.
 %&-line parsing enabled.
**LR_models.tex
(./LR_models.tex
LaTeX2e <2021-11-15> patch level 1
L3 programming layer <2021-11-22> (/Users/ekaterinazajceva/Library/TinyTeX/texm
f-dist/tex/latex/base/article.cls
Document Class: article 2021/10/04 v1.4n Standard LaTeX document class
(/Users/ekaterinazajceva/Library/TinyTeX/texmf-dist/tex/latex/base/size10.clo
File: size10.clo 2021/10/04 v1.4n Standard LaTeX file (size option)
)
\c@part=\count183
\c@section=\count184
\c@subsection=\count185
\c@subsubsection=\count186
\c@paragraph=\count187
\c@subparagraph=\count188
\c@figure=\count189
\c@table=\count190
\abovecaptionskip=\skip47
\belowcaptionskip=\skip48
\bibindent=\dimen138
) (/Users/ekaterinazajceva/Library/TinyTeX/texmf-dist/tex/latex/lm/lmodern.sty
Package: lmodern 2015/05/01 v1.6.1 Latin Modern Fonts
LaTeX Font Info:    Overwriting symbol font `operators' in version `normal'
(Font)                  OT1/cmr/m/n --> OT1/lmr/m/n on input line 22.
LaTeX Font Info:    Overwriting symbol font `letters' in version `normal'
(Font)                  OML/cmm/m/it --> OML/lmm/m/it on input line 23.
LaTeX Font Info:    Overwriting symbol font `symbols' in version `normal'
(Font)                  OMS/cmsy/m/n --> OMS/lmsy/m/n on input line 24.
LaTeX Font Info:    Overwriting symbol font `largesymbols' in version `normal'
(Font)                  OMX/cmex/m/n --> OMX/lmex/m/n on input line 25.
LaTeX Font Info:    Overwriting symbol font `operators' in version `bold'
(Font)                  OT1/cmr/bx/n --> OT1/lmr/bx/n on input line 26.
LaTeX Font Info:    Overwriting symbol font `letters' in version `bold'
(Font)                  OML/cmm/b/it --> OML/lmm/b/it on input line 27.
LaTeX Font Info:    Overwriting symbol font `symbols' in version `bold'
(Font)                  OMS/cmsy/b/n --> OMS/lmsy/b/n on input line 28.
LaTeX Font Info:    Overwriting symbol font `largesymbols' in version `bold'
(Font)                  OMX/cmex/m/n --> OMX/lmex/m/n on input line 29.
LaTeX Font Info:    Overwriting math alphabet `\mathbf' in version `normal'
(Font)                  OT1/cmr/bx/n --> OT1/lmr/bx/n on input line 31.
LaTeX Font Info:    Overwriting math alphabet `\mathsf' in version `normal'
(Font)                  OT1/cmss/m/n --> OT1/lmss/m/n on input line 32.
LaTeX Font Info:    Overwriting math alphabet `\mathit' in version `normal'
(Font)                  OT1/cmr/m/it --> OT1/lmr/m/it on input line 33.
LaTeX Font Info:    Overwriting math alphabet `\mathtt' in version `normal'
(Font)                  OT1/cmtt/m/n --> OT1/lmtt/m/n on input line 34.
LaTeX Font Info:    Overwriting math alphabet `\mathbf' in version `bold'
(Font)                  OT1/cmr/bx/n --> OT1/lmr/bx/n on input line 35.
LaTeX Font Info:    Overwriting math alphabet `\mathsf' in version `bold'
(Font)                  OT1/cmss/bx/n --> OT1/lmss/bx/n on input line 36.
LaTeX Font Info:    Overwriting math alphabet `\mathit' in version `bold'
(Font)                  OT1/cmr/bx/it --> OT1/lmr/bx/it on input line 37.
LaTeX Font Info:    Overwriting math alphabet `\mathtt' in version `bold'
(Font)                  OT1/cmtt/m/n --> OT1/lmtt/m/n on input line 38.
)
(/Users/ekaterinazajceva/Library/TinyTeX/texmf-dist/tex/latex/amsfonts/amssymb.
sty
Package: amssymb 2013/01/14 v3.01 AMS font symbols

(/Users/ekaterinazajceva/Library/TinyTeX/texmf-dist/tex/latex/amsfonts/amsfonts
.sty
Package: amsfonts 2013/01/14 v3.01 Basic AMSFonts support
\@emptytoks=\toks16
\symAMSa=\mathgroup4
\symAMSb=\mathgroup5
LaTeX Font Info:    Redeclaring math symbol \hbar on input line 98.
LaTeX Font Info:    Overwriting math alphabet `\mathfrak' in version `bold'
(Font)                  U/euf/m/n --> U/euf/b/n on input line 106.
))
(/Users/ekaterinazajceva/Library/TinyTeX/texmf-dist/tex/latex/amsmath/amsmath.s
ty
Package: amsmath 2021/10/15 v2.17l AMS math features
\@mathmargin=\skip49
For additional information on amsmath, use the `?' option.

(/Users/ekaterinazajceva/Library/TinyTeX/texmf-dist/tex/latex/amsmath/amstext.s
ty
Package: amstext 2021/08/26 v2.01 AMS text

(/Users/ekaterinazajceva/Library/TinyTeX/texmf-dist/tex/latex/amsmath/amsgen.st
y
File: amsgen.sty 1999/11/30 v2.0 generic functions
\@emptytoks=\toks17
\ex@=\dimen139
))
(/Users/ekaterinazajceva/Library/TinyTeX/texmf-dist/tex/latex/amsmath/amsbsy.st
y
Package: amsbsy 1999/11/29 v1.2d Bold Symbols
\pmbraise@=\dimen140
)
(/Users/ekaterinazajceva/Library/TinyTeX/texmf-dist/tex/latex/amsmath/amsopn.st
y
Package: amsopn 2021/08/26 v2.02 operator names
)
\inf@bad=\count191
LaTeX Info: Redefining \frac on input line 234.
\uproot@=\count192
\leftroot@=\count193
LaTeX Info: Redefining \overline on input line 399.
\classnum@=\count194
\DOTSCASE@=\count195
LaTeX Info: Redefining \ldots on input line 496.
LaTeX Info: Redefining \dots on input line 499.
LaTeX Info: Redefining \cdots on input line 620.
\Mathstrutbox@=\box50
\strutbox@=\box51
\big@size=\dimen141
LaTeX Font Info:    Redeclaring font encoding OML on input line 743.
LaTeX Font Info:    Redeclaring font encoding OMS on input line 744.
\macc@depth=\count196
\c@MaxMatrixCols=\count197
\dotsspace@=\muskip16
\c@parentequation=\count198
\dspbrk@lvl=\count199
\tag@help=\toks18
\row@=\count266
\column@=\count267
\maxfields@=\count268
\andhelp@=\toks19
\eqnshift@=\dimen142
\alignsep@=\dimen143
\tagshift@=\dimen144
\tagwidth@=\dimen145
\totwidth@=\dimen146
\lineht@=\dimen147
\@envbody=\toks20
\multlinegap=\skip50
\multlinetaggap=\skip51
\mathdisplay@stack=\toks21
LaTeX Info: Redefining \[ on input line 2938.
LaTeX Info: Redefining \] on input line 2939.
)
(/Users/ekaterinazajceva/Library/TinyTeX/texmf-dist/tex/generic/iftex/ifxetex.s
ty
Package: ifxetex 2019/10/25 v0.7 ifxetex legacy package. Use iftex instead.

(/Users/ekaterinazajceva/Library/TinyTeX/texmf-dist/tex/generic/iftex/iftex.sty
Package: iftex 2020/03/06 v1.0d TeX engine tests
))
(/Users/ekaterinazajceva/Library/TinyTeX/texmf-dist/tex/generic/iftex/ifluatex.
sty
Package: ifluatex 2019/10/25 v1.5 ifluatex legacy package. Use iftex instead.
)
(/Users/ekaterinazajceva/Library/TinyTeX/texmf-dist/tex/latex/base/fixltx2e.sty
Package: fixltx2e 2016/12/29 v2.1a fixes to LaTeX (obsolete)
Applying: [2015/01/01] Old fixltx2e package on input line 46.

Package fixltx2e Warning: fixltx2e is not required with releases after 2015
(fixltx2e)                All fixes are now in the LaTeX kernel.
(fixltx2e)                See the latexrelease package for details.

Already applied: [0000/00/00] Old fixltx2e package on input line 53.
) (/Users/ekaterinazajceva/Library/TinyTeX/texmf-dist/tex/latex/base/fontenc.st
y
Package: fontenc 2021/04/29 v2.0v Standard LaTeX package
LaTeX Font Info:    Trying to load font information for T1+lmr on input line 11
2.
(/Users/ekaterinazajceva/Library/TinyTeX/texmf-dist/tex/latex/lm/t1lmr.fd
File: t1lmr.fd 2015/05/01 v1.6.1 Font defs for Latin Modern
))
(/Users/ekaterinazajceva/Library/TinyTeX/texmf-dist/tex/latex/base/inputenc.sty
Package: inputenc 2021/02/14 v1.3d Input encoding file
\inpenc@prehook=\toks22
\inpenc@posthook=\toks23
)
(/Users/ekaterinazajceva/Library/TinyTeX/texmf-dist/tex/latex/base/textcomp.sty
Package: textcomp 2020/02/02 v2.0n Standard LaTeX package
)
(/Users/ekaterinazajceva/Library/TinyTeX/texmf-dist/tex/latex/hyperref/hyperref
.sty
Package: hyperref 2021-06-07 v7.00m Hypertext links for LaTeX

(/Users/ekaterinazajceva/Library/TinyTeX/texmf-dist/tex/generic/ltxcmds/ltxcmds
.sty
Package: ltxcmds 2020-05-10 v1.25 LaTeX kernel commands for general use (HO)
)
(/Users/ekaterinazajceva/Library/TinyTeX/texmf-dist/tex/generic/pdftexcmds/pdft
excmds.sty
Package: pdftexcmds 2020-06-27 v0.33 Utility functions of pdfTeX for LuaTeX (HO
)

(/Users/ekaterinazajceva/Library/TinyTeX/texmf-dist/tex/generic/infwarerr/infwa
rerr.sty
Package: infwarerr 2019/12/03 v1.5 Providing info/warning/error messages (HO)
)
Package pdftexcmds Info: \pdf@primitive is available.
Package pdftexcmds Info: \pdf@ifprimitive is available.
Package pdftexcmds Info: \pdfdraftmode found.
)
(/Users/ekaterinazajceva/Library/TinyTeX/texmf-dist/tex/latex/graphics/keyval.s
ty
Package: keyval 2014/10/28 v1.15 key=value parser (DPC)
\KV@toks@=\toks24
)
(/Users/ekaterinazajceva/Library/TinyTeX/texmf-dist/tex/generic/kvsetkeys/kvset
keys.sty
Package: kvsetkeys 2019/12/15 v1.18 Key value parser (HO)
)
(/Users/ekaterinazajceva/Library/TinyTeX/texmf-dist/tex/generic/kvdefinekeys/kv
definekeys.sty
Package: kvdefinekeys 2019-12-19 v1.6 Define keys (HO)
)
(/Users/ekaterinazajceva/Library/TinyTeX/texmf-dist/tex/generic/pdfescape/pdfes
cape.sty
Package: pdfescape 2019/12/09 v1.15 Implements pdfTeX's escape features (HO)
)
(/Users/ekaterinazajceva/Library/TinyTeX/texmf-dist/tex/latex/hycolor/hycolor.s
ty
Package: hycolor 2020-01-27 v1.10 Color options for hyperref/bookmark (HO)
)
(/Users/ekaterinazajceva/Library/TinyTeX/texmf-dist/tex/latex/letltxmacro/letlt
xmacro.sty
Package: letltxmacro 2019/12/03 v1.6 Let assignment for LaTeX macros (HO)
)
(/Users/ekaterinazajceva/Library/TinyTeX/texmf-dist/tex/latex/auxhook/auxhook.s
ty
Package: auxhook 2019-12-17 v1.6 Hooks for auxiliary files (HO)
)
(/Users/ekaterinazajceva/Library/TinyTeX/texmf-dist/tex/latex/kvoptions/kvoptio
ns.sty
Package: kvoptions 2020-10-07 v3.14 Key value format for package options (HO)
)
\@linkdim=\dimen148
\Hy@linkcounter=\count269
\Hy@pagecounter=\count270

(/Users/ekaterinazajceva/Library/TinyTeX/texmf-dist/tex/latex/hyperref/pd1enc.d
ef
File: pd1enc.def 2021-06-07 v7.00m Hyperref: PDFDocEncoding definition (HO)
Now handling font encoding PD1 ...
... no UTF-8 mapping file for font encoding PD1
)
(/Users/ekaterinazajceva/Library/TinyTeX/texmf-dist/tex/latex/hyperref/hyperref
-langpatches.def
File: hyperref-langpatches.def 2021-06-07 v7.00m Hyperref: patches for babel la
nguages
)
(/Users/ekaterinazajceva/Library/TinyTeX/texmf-dist/tex/generic/intcalc/intcalc
.sty
Package: intcalc 2019/12/15 v1.3 Expandable calculations with integers (HO)
)
(/Users/ekaterinazajceva/Library/TinyTeX/texmf-dist/tex/generic/etexcmds/etexcm
ds.sty
Package: etexcmds 2019/12/15 v1.7 Avoid name clashes with e-TeX commands (HO)
)
\Hy@SavedSpaceFactor=\count271

(/Users/ekaterinazajceva/Library/TinyTeX/texmf-dist/tex/latex/hyperref/puenc.de
f
File: puenc.def 2021-06-07 v7.00m Hyperref: PDF Unicode definition (HO)
Now handling font encoding PU ...
... no UTF-8 mapping file for font encoding PU
)
Package hyperref Info: Option `unicode' set `true' on input line 4073.
Package hyperref Info: Hyper figures OFF on input line 4192.
Package hyperref Info: Link nesting OFF on input line 4197.
Package hyperref Info: Hyper index ON on input line 4200.
Package hyperref Info: Plain pages OFF on input line 4207.
Package hyperref Info: Backreferencing OFF on input line 4212.
Package hyperref Info: Implicit mode ON; LaTeX internals redefined.
Package hyperref Info: Bookmarks ON on input line 4445.
\c@Hy@tempcnt=\count272
(/Users/ekaterinazajceva/Library/TinyTeX/texmf-dist/tex/latex/url/url.sty
\Urlmuskip=\muskip17
Package: url 2013/09/16  ver 3.4  Verb mode for urls, etc.
)
LaTeX Info: Redefining \url on input line 4804.
\XeTeXLinkMargin=\dimen149

(/Users/ekaterinazajceva/Library/TinyTeX/texmf-dist/tex/generic/bitset/bitset.s
ty
Package: bitset 2019/12/09 v1.3 Handle bit-vector datatype (HO)

(/Users/ekaterinazajceva/Library/TinyTeX/texmf-dist/tex/generic/bigintcalc/bigi
ntcalc.sty
Package: bigintcalc 2019/12/15 v1.5 Expandable calculations on big integers (HO
)
))
\Fld@menulength=\count273
\Field@Width=\dimen150
\Fld@charsize=\dimen151
Package hyperref Info: Hyper figures OFF on input line 6076.
Package hyperref Info: Link nesting OFF on input line 6081.
Package hyperref Info: Hyper index ON on input line 6084.
Package hyperref Info: backreferencing OFF on input line 6091.
Package hyperref Info: Link coloring OFF on input line 6096.
Package hyperref Info: Link coloring with OCG OFF on input line 6101.
Package hyperref Info: PDF/A mode OFF on input line 6106.
LaTeX Info: Redefining \ref on input line 6146.
LaTeX Info: Redefining \pageref on input line 6150.

(/Users/ekaterinazajceva/Library/TinyTeX/texmf-dist/tex/latex/base/atbegshi-ltx
.sty
Package: atbegshi-ltx 2021/01/10 v1.0c Emulation of the original atbegshi
package with kernel methods
)
\Hy@abspage=\count274
\c@Item=\count275
\c@Hfootnote=\count276
)
Package hyperref Info: Driver (autodetected): hpdftex.

(/Users/ekaterinazajceva/Library/TinyTeX/texmf-dist/tex/latex/hyperref/hpdftex.
def
File: hpdftex.def 2021-06-07 v7.00m Hyperref driver for pdfTeX

(/Users/ekaterinazajceva/Library/TinyTeX/texmf-dist/tex/latex/base/atveryend-lt
x.sty
Package: atveryend-ltx 2020/08/19 v1.0a Emulation of the original atveryend pac
kage
with kernel methods
)
\Fld@listcount=\count277
\c@bookmark@seq@number=\count278

(/Users/ekaterinazajceva/Library/TinyTeX/texmf-dist/tex/latex/rerunfilecheck/re
runfilecheck.sty
Package: rerunfilecheck 2019/12/05 v1.9 Rerun checks for auxiliary files (HO)

(/Users/ekaterinazajceva/Library/TinyTeX/texmf-dist/tex/generic/uniquecounter/u
niquecounter.sty
Package: uniquecounter 2019/12/15 v1.4 Provide unlimited unique counter (HO)
)
Package uniquecounter Info: New unique counter `rerunfilecheck' on input line 2
86.
)
\Hy@SectionHShift=\skip52
)
Package hyperref Info: Option `breaklinks' set `true' on input line 35.

(/Users/ekaterinazajceva/Library/TinyTeX/texmf-dist/tex/latex/geometry/geometry
.sty
Package: geometry 2020/01/02 v5.9 Page Geometry

(/Users/ekaterinazajceva/Library/TinyTeX/texmf-dist/tex/generic/iftex/ifvtex.st
y
Package: ifvtex 2019/10/25 v1.7 ifvtex legacy package. Use iftex instead.
)
\Gm@cnth=\count279
\Gm@cntv=\count280
\c@Gm@tempcnt=\count281
\Gm@bindingoffset=\dimen152
\Gm@wd@mp=\dimen153
\Gm@odd@mp=\dimen154
\Gm@even@mp=\dimen155
\Gm@layoutwidth=\dimen156
\Gm@layoutheight=\dimen157
\Gm@layouthoffset=\dimen158
\Gm@layoutvoffset=\dimen159
\Gm@dimlist=\toks25
)
(/Users/ekaterinazajceva/Library/TinyTeX/texmf-dist/tex/latex/graphics/graphicx
.sty
Package: graphicx 2021/09/16 v1.2d Enhanced LaTeX Graphics (DPC,SPQR)

(/Users/ekaterinazajceva/Library/TinyTeX/texmf-dist/tex/latex/graphics/graphics
.sty
Package: graphics 2021/03/04 v1.4d Standard LaTeX Graphics (DPC,SPQR)

(/Users/ekaterinazajceva/Library/TinyTeX/texmf-dist/tex/latex/graphics/trig.sty
Package: trig 2021/08/11 v1.11 sin cos tan (DPC)
)
(/Users/ekaterinazajceva/Library/TinyTeX/texmf-dist/tex/latex/graphics-cfg/grap
hics.cfg
File: graphics.cfg 2016/06/04 v1.11 sample graphics configuration
)
Package graphics Info: Driver file: pdftex.def on input line 107.

(/Users/ekaterinazajceva/Library/TinyTeX/texmf-dist/tex/latex/graphics-def/pdft
ex.def
File: pdftex.def 2020/10/05 v1.2a Graphics/color driver for pdftex
))
\Gin@req@height=\dimen160
\Gin@req@width=\dimen161
)
(/Users/ekaterinazajceva/Library/TinyTeX/texmf-dist/tex/latex/grffile/grffile.s
ty
Package: grffile 2019/11/11 v2.1 Extended file name support for graphics (legac
y)
Package grffile Info: This package is an empty stub for compatibility on input 
line 40.
)
(/Users/ekaterinazajceva/Library/TinyTeX/texmf-dist/tex/latex/fancyhdr/fancyhdr
.sty
Package: fancyhdr 2021/01/28 v4.0.1 Extensive control of page headers and foote
rs
\f@nch@headwidth=\skip53
\f@nch@O@elh=\skip54
\f@nch@O@erh=\skip55
\f@nch@O@olh=\skip56
\f@nch@O@orh=\skip57
\f@nch@O@elf=\skip58
\f@nch@O@erf=\skip59
\f@nch@O@olf=\skip60
\f@nch@O@orf=\skip61
)
(/Users/ekaterinazajceva/Library/TinyTeX/texmf-dist/tex/latex/l3backend/l3backe
nd-pdftex.def
File: l3backend-pdftex.def 2021-10-18 L3 backend support: PDF output (pdfTeX)
\l__color_backend_stack_int=\count282
\l__pdf_internal_box=\box52
) (./LR_models.aux)
\openout1 = `LR_models.aux'.

LaTeX Font Info:    Checking defaults for OML/cmm/m/it on input line 74.
LaTeX Font Info:    ... okay on input line 74.
LaTeX Font Info:    Checking defaults for OMS/cmsy/m/n on input line 74.
LaTeX Font Info:    ... okay on input line 74.
LaTeX Font Info:    Checking defaults for OT1/cmr/m/n on input line 74.
LaTeX Font Info:    ... okay on input line 74.
LaTeX Font Info:    Checking defaults for T1/cmr/m/n on input line 74.
LaTeX Font Info:    ... okay on input line 74.
LaTeX Font Info:    Checking defaults for TS1/cmr/m/n on input line 74.
LaTeX Font Info:    ... okay on input line 74.
LaTeX Font Info:    Checking defaults for OMX/cmex/m/n on input line 74.
LaTeX Font Info:    ... okay on input line 74.
LaTeX Font Info:    Checking defaults for U/cmr/m/n on input line 74.
LaTeX Font Info:    ... okay on input line 74.
LaTeX Font Info:    Checking defaults for PD1/pdf/m/n on input line 74.
LaTeX Font Info:    ... okay on input line 74.
LaTeX Font Info:    Checking defaults for PU/pdf/m/n on input line 74.
LaTeX Font Info:    ... okay on input line 74.
Package hyperref Info: Link coloring OFF on input line 74.

(/Users/ekaterinazajceva/Library/TinyTeX/texmf-dist/tex/latex/hyperref/nameref.
sty
Package: nameref 2021-04-02 v2.47 Cross-referencing by name of section

(/Users/ekaterinazajceva/Library/TinyTeX/texmf-dist/tex/latex/refcount/refcount
.sty
Package: refcount 2019/12/15 v3.6 Data extraction from label references (HO)
)
(/Users/ekaterinazajceva/Library/TinyTeX/texmf-dist/tex/generic/gettitlestring/
gettitlestring.sty
Package: gettitlestring 2019/12/15 v1.6 Cleanup title references (HO)
)
\c@section@level=\count283
)
LaTeX Info: Redefining \ref on input line 74.
LaTeX Info: Redefining \pageref on input line 74.
LaTeX Info: Redefining \nameref on input line 74.
(./LR_models.out) (./LR_models.out)
\@outlinefile=\write3
\openout3 = `LR_models.out'.

*geometry* driver: auto-detecting
*geometry* detected driver: pdftex
*geometry* verbose mode - [ preamble ] result:
* driver: pdftex
* paper: <default>
* layout: <same size as paper>
* layoutoffset:(h,v)=(0.0pt,0.0pt)
* modes: 
* h-part:(L,W,R)=(72.26999pt, 469.75502pt, 72.26999pt)
* v-part:(T,H,B)=(72.26999pt, 650.43001pt, 72.26999pt)
* \paperwidth=614.295pt
* \paperheight=794.96999pt
* \textwidth=469.75502pt
* \textheight=650.43001pt
* \oddsidemargin=0.0pt
* \evensidemargin=0.0pt
* \topmargin=-37.0pt
* \headheight=12.0pt
* \headsep=25.0pt
* \topskip=10.0pt
* \footskip=30.0pt
* \marginparwidth=65.0pt
* \marginparsep=11.0pt
* \columnsep=10.0pt
* \skip\footins=9.0pt plus 4.0pt minus 2.0pt
* \hoffset=0.0pt
* \voffset=0.0pt
* \mag=1000
* \@twocolumnfalse
* \@twosidefalse
* \@mparswitchfalse
* \@reversemarginfalse
* (1in=72.27pt=25.4mm, 1cm=28.453pt)


(/Users/ekaterinazajceva/Library/TinyTeX/texmf-dist/tex/latex/epstopdf-pkg/epst
opdf-base.sty
Package: epstopdf-base 2020-01-24 v2.11 Base part for package epstopdf
Package epstopdf-base Info: Redefining graphics rule for `.eps' on input line 4
85.

(/Users/ekaterinazajceva/Library/TinyTeX/texmf-dist/tex/latex/latexconfig/epsto
pdf-sys.cfg
File: epstopdf-sys.cfg 2010/07/13 v1.3 Configuration of (r)epstopdf for TeX Liv
e
))
LaTeX Font Info:    Trying to load font information for OT1+lmr on input line 7
6.
(/Users/ekaterinazajceva/Library/TinyTeX/texmf-dist/tex/latex/lm/ot1lmr.fd
File: ot1lmr.fd 2015/05/01 v1.6.1 Font defs for Latin Modern
)
LaTeX Font Info:    Trying to load font information for OML+lmm on input line 7
6.
(/Users/ekaterinazajceva/Library/TinyTeX/texmf-dist/tex/latex/lm/omllmm.fd
File: omllmm.fd 2015/05/01 v1.6.1 Font defs for Latin Modern
)
LaTeX Font Info:    Trying to load font information for OMS+lmsy on input line 
76.
(/Users/ekaterinazajceva/Library/TinyTeX/texmf-dist/tex/latex/lm/omslmsy.fd
File: omslmsy.fd 2015/05/01 v1.6.1 Font defs for Latin Modern
)
LaTeX Font Info:    Trying to load font information for OMX+lmex on input line 
76.
(/Users/ekaterinazajceva/Library/TinyTeX/texmf-dist/tex/latex/lm/omxlmex.fd
File: omxlmex.fd 2015/05/01 v1.6.1 Font defs for Latin Modern
)
LaTeX Font Info:    External font `lmex10' loaded for size
(Font)              <12> on input line 76.
LaTeX Font Info:    External font `lmex10' loaded for size
(Font)              <8> on input line 76.
LaTeX Font Info:    External font `lmex10' loaded for size
(Font)              <6> on input line 76.
LaTeX Font Info:    Trying to load font information for U+msa on input line 76.

(/Users/ekaterinazajceva/Library/TinyTeX/texmf-dist/tex/latex/amsfonts/umsa.fd
File: umsa.fd 2013/01/14 v3.01 AMS symbols A
)
LaTeX Font Info:    Trying to load font information for U+msb on input line 76.

(/Users/ekaterinazajceva/Library/TinyTeX/texmf-dist/tex/latex/amsfonts/umsb.fd
File: umsb.fd 2013/01/14 v3.01 AMS symbols B
)
LaTeX Font Info:    Trying to load font information for T1+lmtt on input line 9
1.
(/Users/ekaterinazajceva/Library/TinyTeX/texmf-dist/tex/latex/lm/t1lmtt.fd
File: t1lmtt.fd 2015/05/01 v1.6.1 Font defs for Latin Modern
) [1

{/Users/ekaterinazajceva/Library/TinyTeX/texmf-var/fonts/map/pdftex/updmap/pdft
ex.map}]

Package fancyhdr Warning: \headheight is too small (12.0pt): 
(fancyhdr)                Make it at least 12.80502pt, for example:
(fancyhdr)                \setlength{\headheight}{12.80502pt}.
(fancyhdr)                You might also make \topmargin smaller to compensate:

(fancyhdr)                \addtolength{\topmargin}{-0.80502pt}.

[2]

Package fancyhdr Warning: \headheight is too small (12.0pt): 
(fancyhdr)                Make it at least 12.80502pt, for example:
(fancyhdr)                \setlength{\headheight}{12.80502pt}.
(fancyhdr)                You might also make \topmargin smaller to compensate:

(fancyhdr)                \addtolength{\topmargin}{-0.80502pt}.

[3]

Package fancyhdr Warning: \headheight is too small (12.0pt): 
(fancyhdr)                Make it at least 12.80502pt, for example:
(fancyhdr)                \setlength{\headheight}{12.80502pt}.
(fancyhdr)                You might also make \topmargin smaller to compensate:

(fancyhdr)                \addtolength{\topmargin}{-0.80502pt}.

[4]

Package fancyhdr Warning: \headheight is too small (12.0pt): 
(fancyhdr)                Make it at least 12.80502pt, for example:
(fancyhdr)                \setlength{\headheight}{12.80502pt}.
(fancyhdr)                You might also make \topmargin smaller to compensate:

(fancyhdr)                \addtolength{\topmargin}{-0.80502pt}.

[5]
<LR_models_files/figure-latex/fit3 sum-1.pdf, id=74, 469.755pt x 325.215pt>
File: LR_models_files/figure-latex/fit3 sum-1.pdf Graphic file (type pdf)
<use LR_models_files/figure-latex/fit3 sum-1.pdf>
Package pdftex.def Info: LR_models_files/figure-latex/fit3 sum-1.pdf  used on i
nput line 427.
(pdftex.def)             Requested size: 469.75386pt x 325.2142pt.

Package fancyhdr Warning: \headheight is too small (12.0pt): 
(fancyhdr)                Make it at least 12.80502pt, for example:
(fancyhdr)                \setlength{\headheight}{12.80502pt}.
(fancyhdr)                You might also make \topmargin smaller to compensate:

(fancyhdr)                \addtolength{\topmargin}{-0.80502pt}.

[6]

Package fancyhdr Warning: \headheight is too small (12.0pt): 
(fancyhdr)                Make it at least 12.80502pt, for example:
(fancyhdr)                \setlength{\headheight}{12.80502pt}.
(fancyhdr)                You might also make \topmargin smaller to compensate:

(fancyhdr)                \addtolength{\topmargin}{-0.80502pt}.

[7 <./LR_models_files/figure-latex/fit3 sum-1.pdf>]
<LR_models_files/figure-latex/fit3 sum-2.pdf, id=89, 469.755pt x 325.215pt>
File: LR_models_files/figure-latex/fit3 sum-2.pdf Graphic file (type pdf)
<use LR_models_files/figure-latex/fit3 sum-2.pdf>
Package pdftex.def Info: LR_models_files/figure-latex/fit3 sum-2.pdf  used on i
nput line 475.
(pdftex.def)             Requested size: 469.75386pt x 325.2142pt.
<LR_models_files/figure-latex/inter-1.pdf, id=90, 469.755pt x 325.215pt>
File: LR_models_files/figure-latex/inter-1.pdf Graphic file (type pdf)
<use LR_models_files/figure-latex/inter-1.pdf>
Package pdftex.def Info: LR_models_files/figure-latex/inter-1.pdf  used on inpu
t line 482.
(pdftex.def)             Requested size: 469.75386pt x 325.2142pt.
<LR_models_files/figure-latex/inter-2.pdf, id=91, 469.755pt x 325.215pt>
File: LR_models_files/figure-latex/inter-2.pdf Graphic file (type pdf)
<use LR_models_files/figure-latex/inter-2.pdf>
Package pdftex.def Info: LR_models_files/figure-latex/inter-2.pdf  used on inpu
t line 483.
(pdftex.def)             Requested size: 469.75386pt x 325.2142pt.

Underfull \hbox (badness 10000) in paragraph at lines 482--484
[][]
 []


Package fancyhdr Warning: \headheight is too small (12.0pt): 
(fancyhdr)                Make it at least 12.80502pt, for example:
(fancyhdr)                \setlength{\headheight}{12.80502pt}.
(fancyhdr)                You might also make \topmargin smaller to compensate:

(fancyhdr)                \addtolength{\topmargin}{-0.80502pt}.

[8 <./LR_models_files/figure-latex/fit3 sum-2.pdf>]

Package fancyhdr Warning: \headheight is too small (12.0pt): 
(fancyhdr)                Make it at least 12.80502pt, for example:
(fancyhdr)                \setlength{\headheight}{12.80502pt}.
(fancyhdr)                You might also make \topmargin smaller to compensate:

(fancyhdr)                \addtolength{\topmargin}{-0.80502pt}.

[9 <./LR_models_files/figure-latex/inter-1.pdf>]
<LR_models_files/figure-latex/inter mean-1.pdf, id=113, 469.755pt x 325.215pt>
File: LR_models_files/figure-latex/inter mean-1.pdf Graphic file (type pdf)
<use LR_models_files/figure-latex/inter mean-1.pdf>
Package pdftex.def Info: LR_models_files/figure-latex/inter mean-1.pdf  used on
 input line 492.
(pdftex.def)             Requested size: 469.75386pt x 325.2142pt.

Package fancyhdr Warning: \headheight is too small (12.0pt): 
(fancyhdr)                Make it at least 12.80502pt, for example:
(fancyhdr)                \setlength{\headheight}{12.80502pt}.
(fancyhdr)                You might also make \topmargin smaller to compensate:

(fancyhdr)                \addtolength{\topmargin}{-0.80502pt}.

[10 <./LR_models_files/figure-latex/inter-2.pdf>]

Package fancyhdr Warning: \headheight is too small (12.0pt): 
(fancyhdr)                Make it at least 12.80502pt, for example:
(fancyhdr)                \setlength{\headheight}{12.80502pt}.
(fancyhdr)                You might also make \topmargin smaller to compensate:

(fancyhdr)                \addtolength{\topmargin}{-0.80502pt}.

[11 <./LR_models_files/figure-latex/inter mean-1.pdf>]
<LR_models_files/figure-latex/fit4 sum-1.pdf, id=135, 469.755pt x 325.215pt>
File: LR_models_files/figure-latex/fit4 sum-1.pdf Graphic file (type pdf)
<use LR_models_files/figure-latex/fit4 sum-1.pdf>
Package pdftex.def Info: LR_models_files/figure-latex/fit4 sum-1.pdf  used on i
nput line 554.
(pdftex.def)             Requested size: 469.75386pt x 325.2142pt.

Package fancyhdr Warning: \headheight is too small (12.0pt): 
(fancyhdr)                Make it at least 12.80502pt, for example:
(fancyhdr)                \setlength{\headheight}{12.80502pt}.
(fancyhdr)                You might also make \topmargin smaller to compensate:

(fancyhdr)                \addtolength{\topmargin}{-0.80502pt}.

[12 <./LR_models_files/figure-latex/fit4 sum-1.pdf>]
<LR_models_files/figure-latex/fit4 sum-2.pdf, id=145, 469.755pt x 325.215pt>
File: LR_models_files/figure-latex/fit4 sum-2.pdf Graphic file (type pdf)
<use LR_models_files/figure-latex/fit4 sum-2.pdf>
Package pdftex.def Info: LR_models_files/figure-latex/fit4 sum-2.pdf  used on i
nput line 602.
(pdftex.def)             Requested size: 469.75386pt x 325.2142pt.

Package fancyhdr Warning: \headheight is too small (12.0pt): 
(fancyhdr)                Make it at least 12.80502pt, for example:
(fancyhdr)                \setlength{\headheight}{12.80502pt}.
(fancyhdr)                You might also make \topmargin smaller to compensate:

(fancyhdr)                \addtolength{\topmargin}{-0.80502pt}.

[13]
Overfull \hbox (44.74348pt too wide) in paragraph at lines 876--876
[]\T1/lmtt/m/n/10 ## Call: regsubsets.formula(log(price) ~ accommodates * room_
type + neighbourhood_group_cleansed +[] 
 []


Package fancyhdr Warning: \headheight is too small (12.0pt): 
(fancyhdr)                Make it at least 12.80502pt, for example:
(fancyhdr)                \setlength{\headheight}{12.80502pt}.
(fancyhdr)                You might also make \topmargin smaller to compensate:

(fancyhdr)                \addtolength{\topmargin}{-0.80502pt}.

[14 <./LR_models_files/figure-latex/fit4 sum-2.pdf>]

Package fancyhdr Warning: \headheight is too small (12.0pt): 
(fancyhdr)                Make it at least 12.80502pt, for example:
(fancyhdr)                \setlength{\headheight}{12.80502pt}.
(fancyhdr)                You might also make \topmargin smaller to compensate:

(fancyhdr)                \addtolength{\topmargin}{-0.80502pt}.

[15]

Package fancyhdr Warning: \headheight is too small (12.0pt): 
(fancyhdr)                Make it at least 12.80502pt, for example:
(fancyhdr)                \setlength{\headheight}{12.80502pt}.
(fancyhdr)                You might also make \topmargin smaller to compensate:

(fancyhdr)                \addtolength{\topmargin}{-0.80502pt}.

[16]

Package fancyhdr Warning: \headheight is too small (12.0pt): 
(fancyhdr)                Make it at least 12.80502pt, for example:
(fancyhdr)                \setlength{\headheight}{12.80502pt}.
(fancyhdr)                You might also make \topmargin smaller to compensate:

(fancyhdr)                \addtolength{\topmargin}{-0.80502pt}.

[17]

Package fancyhdr Warning: \headheight is too small (12.0pt): 
(fancyhdr)                Make it at least 12.80502pt, for example:
(fancyhdr)                \setlength{\headheight}{12.80502pt}.
(fancyhdr)                You might also make \topmargin smaller to compensate:

(fancyhdr)                \addtolength{\topmargin}{-0.80502pt}.

[18]
<LR_models_files/figure-latex/regfit sum3-1.pdf, id=179, 469.755pt x 325.215pt>

File: LR_models_files/figure-latex/regfit sum3-1.pdf Graphic file (type pdf)
<use LR_models_files/figure-latex/regfit sum3-1.pdf>
Package pdftex.def Info: LR_models_files/figure-latex/regfit sum3-1.pdf  used o
n input line 904.
(pdftex.def)             Requested size: 469.75386pt x 325.2142pt.
<LR_models_files/figure-latex/regfit sum3-2.pdf, id=180, 469.755pt x 325.215pt>

File: LR_models_files/figure-latex/regfit sum3-2.pdf Graphic file (type pdf)
<use LR_models_files/figure-latex/regfit sum3-2.pdf>
Package pdftex.def Info: LR_models_files/figure-latex/regfit sum3-2.pdf  used o
n input line 905.
(pdftex.def)             Requested size: 469.75386pt x 325.2142pt.
<LR_models_files/figure-latex/regfit sum3-3.pdf, id=181, 469.755pt x 325.215pt>

File: LR_models_files/figure-latex/regfit sum3-3.pdf Graphic file (type pdf)
<use LR_models_files/figure-latex/regfit sum3-3.pdf>
Package pdftex.def Info: LR_models_files/figure-latex/regfit sum3-3.pdf  used o
n input line 906.
(pdftex.def)             Requested size: 469.75386pt x 325.2142pt.
<LR_models_files/figure-latex/regfit sum3-4.pdf, id=182, 469.755pt x 325.215pt>

File: LR_models_files/figure-latex/regfit sum3-4.pdf Graphic file (type pdf)
<use LR_models_files/figure-latex/regfit sum3-4.pdf>
Package pdftex.def Info: LR_models_files/figure-latex/regfit sum3-4.pdf  used o
n input line 907.
(pdftex.def)             Requested size: 469.75386pt x 325.2142pt.

Underfull \hbox (badness 10000) in paragraph at lines 904--908
[][]
 []


Underfull \hbox (badness 10000) in paragraph at lines 904--908
[]
 []


Underfull \hbox (badness 10000) in paragraph at lines 904--908
[]
 []


Package fancyhdr Warning: \headheight is too small (12.0pt): 
(fancyhdr)                Make it at least 12.80502pt, for example:
(fancyhdr)                \setlength{\headheight}{12.80502pt}.
(fancyhdr)                You might also make \topmargin smaller to compensate:

(fancyhdr)                \addtolength{\topmargin}{-0.80502pt}.

[19]

Package fancyhdr Warning: \headheight is too small (12.0pt): 
(fancyhdr)                Make it at least 12.80502pt, for example:
(fancyhdr)                \setlength{\headheight}{12.80502pt}.
(fancyhdr)                You might also make \topmargin smaller to compensate:

(fancyhdr)                \addtolength{\topmargin}{-0.80502pt}.

[20 <./LR_models_files/figure-latex/regfit sum3-1.pdf>]

Package fancyhdr Warning: \headheight is too small (12.0pt): 
(fancyhdr)                Make it at least 12.80502pt, for example:
(fancyhdr)                \setlength{\headheight}{12.80502pt}.
(fancyhdr)                You might also make \topmargin smaller to compensate:

(fancyhdr)                \addtolength{\topmargin}{-0.80502pt}.

[21 <./LR_models_files/figure-latex/regfit sum3-2.pdf>]

Package fancyhdr Warning: \headheight is too small (12.0pt): 
(fancyhdr)                Make it at least 12.80502pt, for example:
(fancyhdr)                \setlength{\headheight}{12.80502pt}.
(fancyhdr)                You might also make \topmargin smaller to compensate:

(fancyhdr)                \addtolength{\topmargin}{-0.80502pt}.

[22 <./LR_models_files/figure-latex/regfit sum3-3.pdf>]
Overfull \hbox (44.74348pt too wide) in paragraph at lines 1191--1191
[]\T1/lmtt/m/n/10 ## Call: regsubsets.formula(log(price) ~ accommodates * room_
type + neighbourhood_group_cleansed +[] 
 []


Package fancyhdr Warning: \headheight is too small (12.0pt): 
(fancyhdr)                Make it at least 12.80502pt, for example:
(fancyhdr)                \setlength{\headheight}{12.80502pt}.
(fancyhdr)                You might also make \topmargin smaller to compensate:

(fancyhdr)                \addtolength{\topmargin}{-0.80502pt}.

[23 <./LR_models_files/figure-latex/regfit sum3-4.pdf>]

Package fancyhdr Warning: \headheight is too small (12.0pt): 
(fancyhdr)                Make it at least 12.80502pt, for example:
(fancyhdr)                \setlength{\headheight}{12.80502pt}.
(fancyhdr)                You might also make \topmargin smaller to compensate:

(fancyhdr)                \addtolength{\topmargin}{-0.80502pt}.

[24]

Package fancyhdr Warning: \headheight is too small (12.0pt): 
(fancyhdr)                Make it at least 12.80502pt, for example:
(fancyhdr)                \setlength{\headheight}{12.80502pt}.
(fancyhdr)                You might also make \topmargin smaller to compensate:

(fancyhdr)                \addtolength{\topmargin}{-0.80502pt}.

[25]

Package fancyhdr Warning: \headheight is too small (12.0pt): 
(fancyhdr)                Make it at least 12.80502pt, for example:
(fancyhdr)                \setlength{\headheight}{12.80502pt}.
(fancyhdr)                You might also make \topmargin smaller to compensate:

(fancyhdr)                \addtolength{\topmargin}{-0.80502pt}.

[26]

Package fancyhdr Warning: \headheight is too small (12.0pt): 
(fancyhdr)                Make it at least 12.80502pt, for example:
(fancyhdr)                \setlength{\headheight}{12.80502pt}.
(fancyhdr)                You might also make \topmargin smaller to compensate:

(fancyhdr)                \addtolength{\topmargin}{-0.80502pt}.

[27]
<LR_models_files/figure-latex/bwd sum3-1.pdf, id=242, 469.755pt x 325.215pt>
File: LR_models_files/figure-latex/bwd sum3-1.pdf Graphic file (type pdf)
<use LR_models_files/figure-latex/bwd sum3-1.pdf>
Package pdftex.def Info: LR_models_files/figure-latex/bwd sum3-1.pdf  used on i
nput line 1219.
(pdftex.def)             Requested size: 469.75386pt x 325.2142pt.
<LR_models_files/figure-latex/bwd sum3-2.pdf, id=243, 469.755pt x 325.215pt>
File: LR_models_files/figure-latex/bwd sum3-2.pdf Graphic file (type pdf)
<use LR_models_files/figure-latex/bwd sum3-2.pdf>
Package pdftex.def Info: LR_models_files/figure-latex/bwd sum3-2.pdf  used on i
nput line 1220.
(pdftex.def)             Requested size: 469.75386pt x 325.2142pt.
<LR_models_files/figure-latex/bwd sum3-3.pdf, id=244, 469.755pt x 325.215pt>
File: LR_models_files/figure-latex/bwd sum3-3.pdf Graphic file (type pdf)
<use LR_models_files/figure-latex/bwd sum3-3.pdf>
Package pdftex.def Info: LR_models_files/figure-latex/bwd sum3-3.pdf  used on i
nput line 1221.
(pdftex.def)             Requested size: 469.75386pt x 325.2142pt.
<LR_models_files/figure-latex/bwd sum3-4.pdf, id=245, 469.755pt x 325.215pt>
File: LR_models_files/figure-latex/bwd sum3-4.pdf Graphic file (type pdf)
<use LR_models_files/figure-latex/bwd sum3-4.pdf>
Package pdftex.def Info: LR_models_files/figure-latex/bwd sum3-4.pdf  used on i
nput line 1222.
(pdftex.def)             Requested size: 469.75386pt x 325.2142pt.

Underfull \hbox (badness 10000) in paragraph at lines 1219--1223
[][]
 []


Underfull \hbox (badness 10000) in paragraph at lines 1219--1223
[]
 []


Underfull \hbox (badness 10000) in paragraph at lines 1219--1223
[]
 []


Package fancyhdr Warning: \headheight is too small (12.0pt): 
(fancyhdr)                Make it at least 12.80502pt, for example:
(fancyhdr)                \setlength{\headheight}{12.80502pt}.
(fancyhdr)                You might also make \topmargin smaller to compensate:

(fancyhdr)                \addtolength{\topmargin}{-0.80502pt}.

[28]

Package fancyhdr Warning: \headheight is too small (12.0pt): 
(fancyhdr)                Make it at least 12.80502pt, for example:
(fancyhdr)                \setlength{\headheight}{12.80502pt}.
(fancyhdr)                You might also make \topmargin smaller to compensate:

(fancyhdr)                \addtolength{\topmargin}{-0.80502pt}.

[29 <./LR_models_files/figure-latex/bwd sum3-1.pdf>]

Package fancyhdr Warning: \headheight is too small (12.0pt): 
(fancyhdr)                Make it at least 12.80502pt, for example:
(fancyhdr)                \setlength{\headheight}{12.80502pt}.
(fancyhdr)                You might also make \topmargin smaller to compensate:

(fancyhdr)                \addtolength{\topmargin}{-0.80502pt}.

[30 <./LR_models_files/figure-latex/bwd sum3-2.pdf>]

Package fancyhdr Warning: \headheight is too small (12.0pt): 
(fancyhdr)                Make it at least 12.80502pt, for example:
(fancyhdr)                \setlength{\headheight}{12.80502pt}.
(fancyhdr)                You might also make \topmargin smaller to compensate:

(fancyhdr)                \addtolength{\topmargin}{-0.80502pt}.

[31 <./LR_models_files/figure-latex/bwd sum3-3.pdf>]
Overfull \hbox (44.74348pt too wide) in paragraph at lines 1505--1505
[]\T1/lmtt/m/n/10 ## Call: regsubsets.formula(log(price) ~ accommodates * room_
type + neighbourhood_group_cleansed +[] 
 []


Package fancyhdr Warning: \headheight is too small (12.0pt): 
(fancyhdr)                Make it at least 12.80502pt, for example:
(fancyhdr)                \setlength{\headheight}{12.80502pt}.
(fancyhdr)                You might also make \topmargin smaller to compensate:

(fancyhdr)                \addtolength{\topmargin}{-0.80502pt}.

[32 <./LR_models_files/figure-latex/bwd sum3-4.pdf>]

Package fancyhdr Warning: \headheight is too small (12.0pt): 
(fancyhdr)                Make it at least 12.80502pt, for example:
(fancyhdr)                \setlength{\headheight}{12.80502pt}.
(fancyhdr)                You might also make \topmargin smaller to compensate:

(fancyhdr)                \addtolength{\topmargin}{-0.80502pt}.

[33]

Package fancyhdr Warning: \headheight is too small (12.0pt): 
(fancyhdr)                Make it at least 12.80502pt, for example:
(fancyhdr)                \setlength{\headheight}{12.80502pt}.
(fancyhdr)                You might also make \topmargin smaller to compensate:

(fancyhdr)                \addtolength{\topmargin}{-0.80502pt}.

[34]

Package fancyhdr Warning: \headheight is too small (12.0pt): 
(fancyhdr)                Make it at least 12.80502pt, for example:
(fancyhdr)                \setlength{\headheight}{12.80502pt}.
(fancyhdr)                You might also make \topmargin smaller to compensate:

(fancyhdr)                \addtolength{\topmargin}{-0.80502pt}.

[35]

Package fancyhdr Warning: \headheight is too small (12.0pt): 
(fancyhdr)                Make it at least 12.80502pt, for example:
(fancyhdr)                \setlength{\headheight}{12.80502pt}.
(fancyhdr)                You might also make \topmargin smaller to compensate:

(fancyhdr)                \addtolength{\topmargin}{-0.80502pt}.

[36]
<LR_models_files/figure-latex/fwd sum3-1.pdf, id=305, 469.755pt x 325.215pt>
File: LR_models_files/figure-latex/fwd sum3-1.pdf Graphic file (type pdf)
<use LR_models_files/figure-latex/fwd sum3-1.pdf>
Package pdftex.def Info: LR_models_files/figure-latex/fwd sum3-1.pdf  used on i
nput line 1533.
(pdftex.def)             Requested size: 469.75386pt x 325.2142pt.
<LR_models_files/figure-latex/fwd sum3-2.pdf, id=306, 469.755pt x 325.215pt>
File: LR_models_files/figure-latex/fwd sum3-2.pdf Graphic file (type pdf)
<use LR_models_files/figure-latex/fwd sum3-2.pdf>
Package pdftex.def Info: LR_models_files/figure-latex/fwd sum3-2.pdf  used on i
nput line 1534.
(pdftex.def)             Requested size: 469.75386pt x 325.2142pt.
<LR_models_files/figure-latex/fwd sum3-3.pdf, id=307, 469.755pt x 325.215pt>
File: LR_models_files/figure-latex/fwd sum3-3.pdf Graphic file (type pdf)
<use LR_models_files/figure-latex/fwd sum3-3.pdf>
Package pdftex.def Info: LR_models_files/figure-latex/fwd sum3-3.pdf  used on i
nput line 1535.
(pdftex.def)             Requested size: 469.75386pt x 325.2142pt.
<LR_models_files/figure-latex/fwd sum3-4.pdf, id=308, 469.755pt x 325.215pt>
File: LR_models_files/figure-latex/fwd sum3-4.pdf Graphic file (type pdf)
<use LR_models_files/figure-latex/fwd sum3-4.pdf>
Package pdftex.def Info: LR_models_files/figure-latex/fwd sum3-4.pdf  used on i
nput line 1536.
(pdftex.def)             Requested size: 469.75386pt x 325.2142pt.

Underfull \hbox (badness 10000) in paragraph at lines 1533--1537
[][]
 []


Underfull \hbox (badness 10000) in paragraph at lines 1533--1537
[]
 []


Underfull \hbox (badness 10000) in paragraph at lines 1533--1537
[]
 []


Package fancyhdr Warning: \headheight is too small (12.0pt): 
(fancyhdr)                Make it at least 12.80502pt, for example:
(fancyhdr)                \setlength{\headheight}{12.80502pt}.
(fancyhdr)                You might also make \topmargin smaller to compensate:

(fancyhdr)                \addtolength{\topmargin}{-0.80502pt}.

[37]

Package fancyhdr Warning: \headheight is too small (12.0pt): 
(fancyhdr)                Make it at least 12.80502pt, for example:
(fancyhdr)                \setlength{\headheight}{12.80502pt}.
(fancyhdr)                You might also make \topmargin smaller to compensate:

(fancyhdr)                \addtolength{\topmargin}{-0.80502pt}.

[38 <./LR_models_files/figure-latex/fwd sum3-1.pdf>]

Package fancyhdr Warning: \headheight is too small (12.0pt): 
(fancyhdr)                Make it at least 12.80502pt, for example:
(fancyhdr)                \setlength{\headheight}{12.80502pt}.
(fancyhdr)                You might also make \topmargin smaller to compensate:

(fancyhdr)                \addtolength{\topmargin}{-0.80502pt}.

[39 <./LR_models_files/figure-latex/fwd sum3-2.pdf>]

Package fancyhdr Warning: \headheight is too small (12.0pt): 
(fancyhdr)                Make it at least 12.80502pt, for example:
(fancyhdr)                \setlength{\headheight}{12.80502pt}.
(fancyhdr)                You might also make \topmargin smaller to compensate:

(fancyhdr)                \addtolength{\topmargin}{-0.80502pt}.

[40 <./LR_models_files/figure-latex/fwd sum3-3.pdf>]
Overfull \hbox (2.7436pt too wide) in paragraph at lines 1592--1592
[]\T1/lmtt/m/n/10 ## lm(formula = y ~ accommodates + room_typePrivate + neighbo
urhood_group_cleansedCentro +[] 
 []


Package fancyhdr Warning: \headheight is too small (12.0pt): 
(fancyhdr)                Make it at least 12.80502pt, for example:
(fancyhdr)                \setlength{\headheight}{12.80502pt}.
(fancyhdr)                You might also make \topmargin smaller to compensate:

(fancyhdr)                \addtolength{\topmargin}{-0.80502pt}.

[41 <./LR_models_files/figure-latex/fwd sum3-4.pdf>]
<LR_models_files/figure-latex/fit_5 sum-1.pdf, id=350, 469.755pt x 325.215pt>
File: LR_models_files/figure-latex/fit_5 sum-1.pdf Graphic file (type pdf)
<use LR_models_files/figure-latex/fit_5 sum-1.pdf>
Package pdftex.def Info: LR_models_files/figure-latex/fit_5 sum-1.pdf  used on 
input line 1622.
(pdftex.def)             Requested size: 469.75386pt x 325.2142pt.

Package fancyhdr Warning: \headheight is too small (12.0pt): 
(fancyhdr)                Make it at least 12.80502pt, for example:
(fancyhdr)                \setlength{\headheight}{12.80502pt}.
(fancyhdr)                You might also make \topmargin smaller to compensate:

(fancyhdr)                \addtolength{\topmargin}{-0.80502pt}.

[42]
Overfull \hbox (2.7436pt too wide) in paragraph at lines 1668--1668
[]\T1/lmtt/m/n/10 ## lm(formula = y ~ accommodates + room_typePrivate + neighbo
urhood_group_cleansedCentro +[] 
 []


Package fancyhdr Warning: \headheight is too small (12.0pt): 
(fancyhdr)                Make it at least 12.80502pt, for example:
(fancyhdr)                \setlength{\headheight}{12.80502pt}.
(fancyhdr)                You might also make \topmargin smaller to compensate:

(fancyhdr)                \addtolength{\topmargin}{-0.80502pt}.

[43 <./LR_models_files/figure-latex/fit_5 sum-1.pdf>]
<LR_models_files/figure-latex/fit_5 sum-2.pdf, id=365, 469.755pt x 325.215pt>
File: LR_models_files/figure-latex/fit_5 sum-2.pdf Graphic file (type pdf)
<use LR_models_files/figure-latex/fit_5 sum-2.pdf>
Package pdftex.def Info: LR_models_files/figure-latex/fit_5 sum-2.pdf  used on 
input line 1670.
(pdftex.def)             Requested size: 469.75386pt x 325.2142pt.

Package fancyhdr Warning: \headheight is too small (12.0pt): 
(fancyhdr)                Make it at least 12.80502pt, for example:
(fancyhdr)                \setlength{\headheight}{12.80502pt}.
(fancyhdr)                You might also make \topmargin smaller to compensate:

(fancyhdr)                \addtolength{\topmargin}{-0.80502pt}.

[44 <./LR_models_files/figure-latex/fit_5 sum-2.pdf>]
<LR_models_files/figure-latex/Lasso 1-1.pdf, id=377, 469.755pt x 325.215pt>
File: LR_models_files/figure-latex/Lasso 1-1.pdf Graphic file (type pdf)
<use LR_models_files/figure-latex/Lasso 1-1.pdf>
Package pdftex.def Info: LR_models_files/figure-latex/Lasso 1-1.pdf  used on in
put line 1691.
(pdftex.def)             Requested size: 469.75386pt x 325.2142pt.
<LR_models_files/figure-latex/Lasso 2-1.pdf, id=378, 469.755pt x 325.215pt>
File: LR_models_files/figure-latex/Lasso 2-1.pdf Graphic file (type pdf)
<use LR_models_files/figure-latex/Lasso 2-1.pdf>
Package pdftex.def Info: LR_models_files/figure-latex/Lasso 2-1.pdf  used on in
put line 1699.
(pdftex.def)             Requested size: 469.75386pt x 325.2142pt.

Underfull \hbox (badness 10000) in paragraph at lines 1699--1704
[][]
 []


Package fancyhdr Warning: \headheight is too small (12.0pt): 
(fancyhdr)                Make it at least 12.80502pt, for example:
(fancyhdr)                \setlength{\headheight}{12.80502pt}.
(fancyhdr)                You might also make \topmargin smaller to compensate:

(fancyhdr)                \addtolength{\topmargin}{-0.80502pt}.

[45 <./LR_models_files/figure-latex/Lasso 1-1.pdf>]

Package fancyhdr Warning: \headheight is too small (12.0pt): 
(fancyhdr)                Make it at least 12.80502pt, for example:
(fancyhdr)                \setlength{\headheight}{12.80502pt}.
(fancyhdr)                You might also make \topmargin smaller to compensate:

(fancyhdr)                \addtolength{\topmargin}{-0.80502pt}.

[46 <./LR_models_files/figure-latex/Lasso 2-1.pdf>]
<LR_models_files/figure-latex/Ridge-1.pdf, id=398, 469.755pt x 325.215pt>
File: LR_models_files/figure-latex/Ridge-1.pdf Graphic file (type pdf)
<use LR_models_files/figure-latex/Ridge-1.pdf>
Package pdftex.def Info: LR_models_files/figure-latex/Ridge-1.pdf  used on inpu
t line 1797.
(pdftex.def)             Requested size: 469.75386pt x 325.2142pt.

Package fancyhdr Warning: \headheight is too small (12.0pt): 
(fancyhdr)                Make it at least 12.80502pt, for example:
(fancyhdr)                \setlength{\headheight}{12.80502pt}.
(fancyhdr)                You might also make \topmargin smaller to compensate:

(fancyhdr)                \addtolength{\topmargin}{-0.80502pt}.

[47]
<LR_models_files/figure-latex/Ridge 1-1.pdf, id=404, 469.755pt x 325.215pt>
File: LR_models_files/figure-latex/Ridge 1-1.pdf Graphic file (type pdf)
<use LR_models_files/figure-latex/Ridge 1-1.pdf>
Package pdftex.def Info: LR_models_files/figure-latex/Ridge 1-1.pdf  used on in
put line 1803.
(pdftex.def)             Requested size: 469.75386pt x 325.2142pt.

Package fancyhdr Warning: \headheight is too small (12.0pt): 
(fancyhdr)                Make it at least 12.80502pt, for example:
(fancyhdr)                \setlength{\headheight}{12.80502pt}.
(fancyhdr)                You might also make \topmargin smaller to compensate:

(fancyhdr)                \addtolength{\topmargin}{-0.80502pt}.

[48 <./LR_models_files/figure-latex/Ridge-1.pdf>]

Package fancyhdr Warning: \headheight is too small (12.0pt): 
(fancyhdr)                Make it at least 12.80502pt, for example:
(fancyhdr)                \setlength{\headheight}{12.80502pt}.
(fancyhdr)                You might also make \topmargin smaller to compensate:

(fancyhdr)                \addtolength{\topmargin}{-0.80502pt}.

[49 <./LR_models_files/figure-latex/Ridge 1-1.pdf>]

Package fancyhdr Warning: \headheight is too small (12.0pt): 
(fancyhdr)                Make it at least 12.80502pt, for example:
(fancyhdr)                \setlength{\headheight}{12.80502pt}.
(fancyhdr)                You might also make \topmargin smaller to compensate:

(fancyhdr)                \addtolength{\topmargin}{-0.80502pt}.

[50]
<LR_models_files/figure-latex/sol gr-1.pdf, id=429, 469.755pt x 325.215pt>
File: LR_models_files/figure-latex/sol gr-1.pdf Graphic file (type pdf)
<use LR_models_files/figure-latex/sol gr-1.pdf>
Package pdftex.def Info: LR_models_files/figure-latex/sol gr-1.pdf  used on inp
ut line 1948.
(pdftex.def)             Requested size: 469.75386pt x 325.2142pt.
[51]
<LR_models_files/figure-latex/sol gr 2-1.pdf, id=436, 469.755pt x 325.215pt>
File: LR_models_files/figure-latex/sol gr 2-1.pdf Graphic file (type pdf)
<use LR_models_files/figure-latex/sol gr 2-1.pdf>
Package pdftex.def Info: LR_models_files/figure-latex/sol gr 2-1.pdf  used on i
nput line 1953.
(pdftex.def)             Requested size: 469.75386pt x 325.2142pt.
[52 <./LR_models_files/figure-latex/sol gr-1.pdf>]
<LR_models_files/figure-latex/accommodates gr-1.pdf, id=449, 469.755pt x 325.21
5pt>
File: LR_models_files/figure-latex/accommodates gr-1.pdf Graphic file (type pdf
)
<use LR_models_files/figure-latex/accommodates gr-1.pdf>
Package pdftex.def Info: LR_models_files/figure-latex/accommodates gr-1.pdf  us
ed on input line 1978.
(pdftex.def)             Requested size: 469.75386pt x 325.2142pt.
[53 <./LR_models_files/figure-latex/sol gr 2-1.pdf>] [54 <./LR_models_files/fig
ure-latex/accommodates gr-1.pdf>]
<LR_models_files/figure-latex/model1 summmm-1.pdf, id=474, 469.755pt x 325.215p
t>
File: LR_models_files/figure-latex/model1 summmm-1.pdf Graphic file (type pdf)
<use LR_models_files/figure-latex/model1 summmm-1.pdf>
Package pdftex.def Info: LR_models_files/figure-latex/model1 summmm-1.pdf  used
 on input line 2033.
(pdftex.def)             Requested size: 469.75386pt x 325.2142pt.
<LR_models_files/figure-latex/model1 summmm-2.pdf, id=475, 469.755pt x 325.215p
t>
File: LR_models_files/figure-latex/model1 summmm-2.pdf Graphic file (type pdf)
<use LR_models_files/figure-latex/model1 summmm-2.pdf>
Package pdftex.def Info: LR_models_files/figure-latex/model1 summmm-2.pdf  used
 on input line 2034.
(pdftex.def)             Requested size: 469.75386pt x 325.2142pt.

Underfull \hbox (badness 10000) in paragraph at lines 2033--2035
[][]
 []

[55 <./LR_models_files/figure-latex/model1 summmm-1.pdf>] [56 <./LR_models_file
s/figure-latex/model1 summmm-2.pdf>]
<LR_models_files/figure-latex/model2 summmm-1.pdf, id=495, 469.755pt x 325.215p
t>
File: LR_models_files/figure-latex/model2 summmm-1.pdf Graphic file (type pdf)
<use LR_models_files/figure-latex/model2 summmm-1.pdf>
Package pdftex.def Info: LR_models_files/figure-latex/model2 summmm-1.pdf  used
 on input line 2089.
(pdftex.def)             Requested size: 469.75386pt x 325.2142pt.
<LR_models_files/figure-latex/model2 summmm-2.pdf, id=496, 469.755pt x 325.215p
t>
File: LR_models_files/figure-latex/model2 summmm-2.pdf Graphic file (type pdf)
<use LR_models_files/figure-latex/model2 summmm-2.pdf>
Package pdftex.def Info: LR_models_files/figure-latex/model2 summmm-2.pdf  used
 on input line 2090.
(pdftex.def)             Requested size: 469.75386pt x 325.2142pt.

Underfull \hbox (badness 10000) in paragraph at lines 2089--2091
[][]
 []

[57 <./LR_models_files/figure-latex/model2 summmm-1.pdf>] [58 <./LR_models_file
s/figure-latex/model2 summmm-2.pdf>]
<LR_models_files/figure-latex/model3 summmm-1.pdf, id=515, 469.755pt x 325.215p
t>
File: LR_models_files/figure-latex/model3 summmm-1.pdf Graphic file (type pdf)
<use LR_models_files/figure-latex/model3 summmm-1.pdf>
Package pdftex.def Info: LR_models_files/figure-latex/model3 summmm-1.pdf  used
 on input line 2156.
(pdftex.def)             Requested size: 469.75386pt x 325.2142pt.
<LR_models_files/figure-latex/model3 summmm-2.pdf, id=516, 469.755pt x 325.215p
t>
File: LR_models_files/figure-latex/model3 summmm-2.pdf Graphic file (type pdf)
<use LR_models_files/figure-latex/model3 summmm-2.pdf>
Package pdftex.def Info: LR_models_files/figure-latex/model3 summmm-2.pdf  used
 on input line 2157.
(pdftex.def)             Requested size: 469.75386pt x 325.2142pt.

Underfull \hbox (badness 10000) in paragraph at lines 2156--2158
[][]
 []

[59] [60 <./LR_models_files/figure-latex/model3 summmm-1.pdf>] [61 <./LR_models
_files/figure-latex/model3 summmm-2.pdf>] (./LR_models.aux)
Package rerunfilecheck Info: File `LR_models.out' has not changed.
(rerunfilecheck)             Checksum: 521848DC34CAE6DEFE1A39D402990C44;2279.
 ) 
Here is how much of TeX's memory you used:
 10561 strings out of 480313
 175791 string characters out of 5895695
 471984 words of memory out of 5000000
 28156 multiletter control sequences out of 15000+600000
 441296 words of font info for 52 fonts, out of 8000000 for 9000
 14 hyphenation exceptions out of 8191
 60i,12n,63p,422b,474s stack positions out of 5000i,500n,10000p,200000b,80000s
{/Users/ekaterinazajceva/Library/TinyTeX/texmf-dist/fonts/enc/dvips/lm/lm-ec.
enc}</Users/ekaterinazajceva/Library/TinyTeX/texmf-dist/fonts/type1/public/lm/l
mbx12.pfb></Users/ekaterinazajceva/Library/TinyTeX/texmf-dist/fonts/type1/publi
c/lm/lmr10.pfb></Users/ekaterinazajceva/Library/TinyTeX/texmf-dist/fonts/type1/
public/lm/lmr12.pfb></Users/ekaterinazajceva/Library/TinyTeX/texmf-dist/fonts/t
ype1/public/lm/lmr17.pfb></Users/ekaterinazajceva/Library/TinyTeX/texmf-dist/fo
nts/type1/public/lm/lmri10.pfb></Users/ekaterinazajceva/Library/TinyTeX/texmf-d
ist/fonts/type1/public/lm/lmro10.pfb></Users/ekaterinazajceva/Library/TinyTeX/t
exmf-dist/fonts/type1/public/lm/lmtt10.pfb>
Output written on LR_models.pdf (61 pages, 19772985 bytes).
PDF statistics:
 595 PDF objects out of 1000 (max. 8388607)
 445 compressed objects within 5 object streams
 82 named destinations out of 1000 (max. 500000)
 251 words of extra memory for PDF output out of 10000 (max. 10000000)

